GROUP,PACKAGE,CLASS,INSTRUCTION_MISSED,INSTRUCTION_COVERED,BRANCH_MISSED,BRANCH_COVERED,LINE_MISSED,LINE_COVERED,COMPLEXITY_MISSED,COMPLEXITY_COVERED,METHOD_MISSED,METHOD_COVERED
torpedo,hu.nye.progtech.torpedo.ui,TablePrinter,0,116,0,4,0,18,0,6,0,4
torpedo,hu.nye.progtech.torpedo.ui,UserInput,0,29,0,0,0,11,0,3,0,3
torpedo,hu.nye.progtech.torpedo.service.table,TableCreator,0,41,0,4,0,9,0,4,0,2
torpedo,hu.nye.progtech.torpedo.service.util,InteractionEnabler,0,69,0,0,0,10,0,9,0,9
torpedo,hu.nye.progtech.torpedo.service.util,CoordinateConverter,0,17,1,3,0,4,1,3,0,2
torpedo,hu.nye.progtech.torpedo.service.util,MapUtil,17,80,3,11,3,22,3,10,0,6
